[18-Jul-2021 12:01:53 UTC] PHP Fatal error:  Uncaught Error: Call to undefined function mysql_connect() in E:\proyectos\export\controlador\bdadmin.php:19
Stack trace:
#0 E:\proyectos\export\modelo\acceso\login.php(5): conexcion()
#1 {main}
  thrown in E:\proyectos\export\controlador\bdadmin.php on line 19
[18-Jul-2021 12:05:07 UTC] PHP Fatal error:  Uncaught Error: Class 'mysqli' not found in E:\proyectos\export\controlador\bdadmin.php:27
Stack trace:
#0 E:\proyectos\export\modelo\acceso\login.php(5): conexcion(true)
#1 {main}
  thrown in E:\proyectos\export\controlador\bdadmin.php on line 27
[18-Jul-2021 12:15:20 UTC] PHP Fatal error:  Uncaught Error: Class 'mysqli' not found in E:\proyectos\export\controlador\bdadmin.php:27
Stack trace:
#0 E:\proyectos\export\modelo\acceso\login.php(5): conexcion(true)
#1 {main}
  thrown in E:\proyectos\export\controlador\bdadmin.php on line 27
[18-Jul-2021 12:16:00 UTC] PHP Fatal error:  Uncaught Error: Class 'mysqli' not found in E:\proyectos\export\controlador\bdadmin.php:27
Stack trace:
#0 E:\proyectos\export\modelo\acceso\login.php(5): conexcion(true)
#1 {main}
  thrown in E:\proyectos\export\controlador\bdadmin.php on line 27
[18-Jul-2021 12:17:26 UTC] PHP Fatal error:  Uncaught Error: Class 'mysqli' not found in E:\proyectos\export\controlador\bdadmin.php:27
Stack trace:
#0 E:\proyectos\export\modelo\acceso\login.php(5): conexcion(true)
#1 {main}
  thrown in E:\proyectos\export\controlador\bdadmin.php on line 27
[18-Jul-2021 12:18:46 UTC] PHP Warning:  mysqli_query() expects parameter 1 to be mysqli, string given in E:\proyectos\export\modelo\acceso\login.php on line 13
[18-Jul-2021 12:18:49 UTC] PHP Warning:  mysqli_query() expects parameter 1 to be mysqli, string given in E:\proyectos\export\modelo\acceso\login.php on line 13
[18-Jul-2021 12:19:20 UTC] PHP Warning:  mysqli_query() expects parameter 1 to be mysqli, string given in E:\proyectos\export\modelo\acceso\login.php on line 13
[18-Jul-2021 12:21:40 UTC] PHP Fatal error:  Cannot redeclare mysqli_query() in E:\proyectos\export\controlador\bdadmin.php on line 76
[18-Jul-2021 12:22:27 UTC] PHP Fatal error:  Uncaught Error: Call to undefined function mysql_connect() in E:\proyectos\export\controlador\bdadmin.php:19
Stack trace:
#0 E:\proyectos\export\controlador\ejecutar_sql.php(577): conexcion()
#1 E:\proyectos\export\vista\index.php(12): ejecutarSQL('SELECT apenom F...')
#2 {main}
  thrown in E:\proyectos\export\controlador\bdadmin.php on line 19
[18-Jul-2021 12:22:57 UTC] PHP Fatal error:  Uncaught Error: Call to undefined function mysql_connect() in E:\proyectos\export\controlador\bdadmin.php:19
Stack trace:
#0 E:\proyectos\export\controlador\ejecutar_sql.php(577): conexcion()
#1 E:\proyectos\export\vista\index.php(12): ejecutarSQL('SELECT apenom F...')
#2 {main}
  thrown in E:\proyectos\export\controlador\bdadmin.php on line 19
[18-Jul-2021 12:23:31 UTC] PHP Fatal error:  Uncaught Error: Call to undefined function mysql_errno() in E:\proyectos\export\controlador\ejecutar_sql.php:580
Stack trace:
#0 E:\proyectos\export\vista\index.php(12): ejecutarSQL('SELECT apenom F...')
#1 {main}
  thrown in E:\proyectos\export\controlador\ejecutar_sql.php on line 580
[18-Jul-2021 12:29:37 UTC] PHP Fatal error:  Uncaught Error: Call to undefined function mysql_errno() in E:\proyectos\export\controlador\ejecutar_sql.php:580
Stack trace:
#0 E:\proyectos\export\vista\index.php(12): ejecutarSQL('SELECT apenom F...')
#1 {main}
  thrown in E:\proyectos\export\controlador\ejecutar_sql.php on line 580
[18-Jul-2021 12:29:44 UTC] PHP Fatal error:  Uncaught Error: Call to undefined function mysql_num_rows() in E:\proyectos\export\modelo\acceso\login.php:15
Stack trace:
#0 {main}
  thrown in E:\proyectos\export\modelo\acceso\login.php on line 15
[18-Jul-2021 12:30:45 UTC] PHP Fatal error:  Uncaught Error: Call to undefined function mysql_fetch_array() in E:\proyectos\export\modelo\acceso\login.php:16
Stack trace:
#0 {main}
  thrown in E:\proyectos\export\modelo\acceso\login.php on line 16
[18-Jul-2021 12:31:43 UTC] PHP Fatal error:  Uncaught Error: Call to undefined function mysql_close() in E:\proyectos\export\modelo\acceso\login.php:70
Stack trace:
#0 {main}
  thrown in E:\proyectos\export\modelo\acceso\login.php on line 70
[18-Jul-2021 12:32:25 UTC] PHP Fatal error:  Uncaught Error: Call to undefined function mysql_errno() in E:\proyectos\export\controlador\ejecutar_sql.php:580
Stack trace:
#0 E:\proyectos\export\vista\index.php(12): ejecutarSQL('SELECT apenom F...')
#1 {main}
  thrown in E:\proyectos\export\controlador\ejecutar_sql.php on line 580
[18-Jul-2021 12:35:08 UTC] PHP Fatal error:  Uncaught Error: Call to undefined function mysql_free_result() in E:\proyectos\export\vista\index.php:24
Stack trace:
#0 {main}
  thrown in E:\proyectos\export\vista\index.php on line 24
[18-Jul-2021 12:36:30 UTC] PHP Fatal error:  Uncaught Error: Call to undefined function mysql_insert_id() in E:\proyectos\export\controlador\ejecutar_sql.php:253
Stack trace:
#0 E:\proyectos\export\vista\index.php(27): insert('accesousuarios', 'id, id_estructu...', '1, 17, now(), n...')
#1 {main}
  thrown in E:\proyectos\export\controlador\ejecutar_sql.php on line 253
[18-Jul-2021 12:40:47 UTC] PHP Notice:  session_start(): A session had already been started - ignoring in E:\proyectos\export\vista\informes\rrhh\proxvtoscond.php on line 2
[18-Jul-2021 12:40:47 UTC] PHP Warning:  Use of undefined constant lv - assumed 'lv' (this will throw an Error in a future version of PHP) in E:\proyectos\export\vista\informes\rrhh\proxvtoscond.php on line 4
[18-Jul-2021 12:40:48 UTC] PHP Warning:  Use of undefined constant str - assumed 'str' (this will throw an Error in a future version of PHP) in E:\proyectos\export\vista\informes\rrhh\proxvtoscond.php on line 55
[18-Jul-2021 12:40:48 UTC] PHP Warning:  Use of undefined constant str - assumed 'str' (this will throw an Error in a future version of PHP) in E:\proyectos\export\vista\informes\rrhh\proxvtoscond.php on line 55
[18-Jul-2021 12:40:48 UTC] PHP Warning:  Use of undefined constant str - assumed 'str' (this will throw an Error in a future version of PHP) in E:\proyectos\export\vista\informes\rrhh\proxvtoscond.php on line 55
[18-Jul-2021 12:40:48 UTC] PHP Warning:  Use of undefined constant str - assumed 'str' (this will throw an Error in a future version of PHP) in E:\proyectos\export\vista\informes\rrhh\proxvtoscond.php on line 55
[18-Jul-2021 12:40:48 UTC] PHP Warning:  Use of undefined constant str - assumed 'str' (this will throw an Error in a future version of PHP) in E:\proyectos\export\vista\informes\rrhh\proxvtoscond.php on line 55
[18-Jul-2021 12:40:48 UTC] PHP Warning:  Use of undefined constant str - assumed 'str' (this will throw an Error in a future version of PHP) in E:\proyectos\export\vista\informes\rrhh\proxvtoscond.php on line 55
[18-Jul-2021 12:40:48 UTC] PHP Warning:  Use of undefined constant str - assumed 'str' (this will throw an Error in a future version of PHP) in E:\proyectos\export\vista\informes\rrhh\proxvtoscond.php on line 55
[18-Jul-2021 12:40:48 UTC] PHP Warning:  Use of undefined constant str - assumed 'str' (this will throw an Error in a future version of PHP) in E:\proyectos\export\vista\informes\rrhh\proxvtoscond.php on line 55
[18-Jul-2021 12:40:48 UTC] PHP Warning:  Use of undefined constant str - assumed 'str' (this will throw an Error in a future version of PHP) in E:\proyectos\export\vista\informes\rrhh\proxvtoscond.php on line 55
[18-Jul-2021 12:40:48 UTC] PHP Warning:  Use of undefined constant str - assumed 'str' (this will throw an Error in a future version of PHP) in E:\proyectos\export\vista\informes\rrhh\proxvtoscond.php on line 55
[18-Jul-2021 12:40:48 UTC] PHP Warning:  Use of undefined constant str - assumed 'str' (this will throw an Error in a future version of PHP) in E:\proyectos\export\vista\informes\rrhh\proxvtoscond.php on line 55
[18-Jul-2021 12:40:48 UTC] PHP Warning:  Use of undefined constant str - assumed 'str' (this will throw an Error in a future version of PHP) in E:\proyectos\export\vista\informes\rrhh\proxvtoscond.php on line 55
[18-Jul-2021 12:40:48 UTC] PHP Warning:  Use of undefined constant str - assumed 'str' (this will throw an Error in a future version of PHP) in E:\proyectos\export\vista\informes\rrhh\proxvtoscond.php on line 55
[18-Jul-2021 12:40:48 UTC] PHP Warning:  Use of undefined constant str - assumed 'str' (this will throw an Error in a future version of PHP) in E:\proyectos\export\vista\informes\rrhh\proxvtoscond.php on line 55
[18-Jul-2021 12:40:48 UTC] PHP Warning:  Use of undefined constant str - assumed 'str' (this will throw an Error in a future version of PHP) in E:\proyectos\export\vista\informes\rrhh\proxvtoscond.php on line 55
[18-Jul-2021 12:40:48 UTC] PHP Warning:  Use of undefined constant str - assumed 'str' (this will throw an Error in a future version of PHP) in E:\proyectos\export\vista\informes\rrhh\proxvtoscond.php on line 55
[18-Jul-2021 12:40:48 UTC] PHP Warning:  Use of undefined constant str - assumed 'str' (this will throw an Error in a future version of PHP) in E:\proyectos\export\vista\informes\rrhh\proxvtoscond.php on line 55
[18-Jul-2021 12:40:48 UTC] PHP Warning:  Use of undefined constant str - assumed 'str' (this will throw an Error in a future version of PHP) in E:\proyectos\export\vista\informes\rrhh\proxvtoscond.php on line 55
[18-Jul-2021 12:40:48 UTC] PHP Warning:  Use of undefined constant str - assumed 'str' (this will throw an Error in a future version of PHP) in E:\proyectos\export\vista\informes\rrhh\proxvtoscond.php on line 55
[18-Jul-2021 12:40:48 UTC] PHP Warning:  Use of undefined constant str - assumed 'str' (this will throw an Error in a future version of PHP) in E:\proyectos\export\vista\informes\rrhh\proxvtoscond.php on line 55
[18-Jul-2021 12:40:48 UTC] PHP Warning:  Use of undefined constant str - assumed 'str' (this will throw an Error in a future version of PHP) in E:\proyectos\export\vista\informes\rrhh\proxvtoscond.php on line 55
[18-Jul-2021 12:40:48 UTC] PHP Warning:  Use of undefined constant str - assumed 'str' (this will throw an Error in a future version of PHP) in E:\proyectos\export\vista\informes\rrhh\proxvtoscond.php on line 55
[18-Jul-2021 12:40:48 UTC] PHP Warning:  Use of undefined constant str - assumed 'str' (this will throw an Error in a future version of PHP) in E:\proyectos\export\vista\informes\rrhh\proxvtoscond.php on line 55
[18-Jul-2021 12:40:48 UTC] PHP Warning:  Use of undefined constant str - assumed 'str' (this will throw an Error in a future version of PHP) in E:\proyectos\export\vista\informes\rrhh\proxvtoscond.php on line 55
[18-Jul-2021 12:40:48 UTC] PHP Warning:  Use of undefined constant str - assumed 'str' (this will throw an Error in a future version of PHP) in E:\proyectos\export\vista\informes\rrhh\proxvtoscond.php on line 55
[18-Jul-2021 12:40:48 UTC] PHP Warning:  Use of undefined constant str - assumed 'str' (this will throw an Error in a future version of PHP) in E:\proyectos\export\vista\informes\rrhh\proxvtoscond.php on line 55
[18-Jul-2021 12:40:48 UTC] PHP Warning:  Use of undefined constant str - assumed 'str' (this will throw an Error in a future version of PHP) in E:\proyectos\export\vista\informes\rrhh\proxvtoscond.php on line 55
[18-Jul-2021 12:40:48 UTC] PHP Warning:  Use of undefined constant str - assumed 'str' (this will throw an Error in a future version of PHP) in E:\proyectos\export\vista\informes\rrhh\proxvtoscond.php on line 55
[18-Jul-2021 12:40:48 UTC] PHP Warning:  Use of undefined constant str - assumed 'str' (this will throw an Error in a future version of PHP) in E:\proyectos\export\vista\informes\rrhh\proxvtoscond.php on line 55
[18-Jul-2021 12:40:48 UTC] PHP Warning:  Use of undefined constant str - assumed 'str' (this will throw an Error in a future version of PHP) in E:\proyectos\export\vista\informes\rrhh\proxvtoscond.php on line 55
[18-Jul-2021 12:40:48 UTC] PHP Warning:  Use of undefined constant str - assumed 'str' (this will throw an Error in a future version of PHP) in E:\proyectos\export\vista\informes\rrhh\proxvtoscond.php on line 55
[18-Jul-2021 12:40:48 UTC] PHP Warning:  Use of undefined constant str - assumed 'str' (this will throw an Error in a future version of PHP) in E:\proyectos\export\vista\informes\rrhh\proxvtoscond.php on line 55
[18-Jul-2021 12:40:48 UTC] PHP Warning:  Use of undefined constant str - assumed 'str' (this will throw an Error in a future version of PHP) in E:\proyectos\export\vista\informes\rrhh\proxvtoscond.php on line 55
[18-Jul-2021 12:40:48 UTC] PHP Warning:  Use of undefined constant str - assumed 'str' (this will throw an Error in a future version of PHP) in E:\proyectos\export\vista\informes\rrhh\proxvtoscond.php on line 55
[18-Jul-2021 12:40:48 UTC] PHP Warning:  Use of undefined constant str - assumed 'str' (this will throw an Error in a future version of PHP) in E:\proyectos\export\vista\informes\rrhh\proxvtoscond.php on line 55
[18-Jul-2021 12:40:48 UTC] PHP Warning:  Use of undefined constant str - assumed 'str' (this will throw an Error in a future version of PHP) in E:\proyectos\export\vista\informes\rrhh\proxvtoscond.php on line 55
[18-Jul-2021 12:40:48 UTC] PHP Warning:  Use of undefined constant str - assumed 'str' (this will throw an Error in a future version of PHP) in E:\proyectos\export\vista\informes\rrhh\proxvtoscond.php on line 55
[18-Jul-2021 12:40:48 UTC] PHP Warning:  Use of undefined constant str - assumed 'str' (this will throw an Error in a future version of PHP) in E:\proyectos\export\vista\informes\rrhh\proxvtoscond.php on line 55
[18-Jul-2021 12:40:48 UTC] PHP Warning:  Use of undefined constant str - assumed 'str' (this will throw an Error in a future version of PHP) in E:\proyectos\export\vista\informes\rrhh\proxvtoscond.php on line 55
[18-Jul-2021 12:40:48 UTC] PHP Notice:  session_start(): A session had already been started - ignoring in E:\proyectos\export\vista\informes\rrhh\proxvtoslib.php on line 2
[18-Jul-2021 12:40:48 UTC] PHP Warning:  Use of undefined constant lv - assumed 'lv' (this will throw an Error in a future version of PHP) in E:\proyectos\export\vista\informes\rrhh\proxvtoslib.php on line 4
[18-Jul-2021 12:41:10 UTC] PHP Fatal error:  Uncaught Error: Call to undefined function armarSelect() in E:\proyectos\export\vista\ordenes\addsrvcro.php:104
Stack trace:
#0 {main}
  thrown in E:\proyectos\export\vista\ordenes\addsrvcro.php on line 104
[18-Jul-2021 12:42:29 UTC] PHP Fatal error:  Uncaught Error: Call to undefined function armarSelect() in E:\proyectos\export\vista\ordenes\addsrvcro.php:104
Stack trace:
#0 {main}
  thrown in E:\proyectos\export\vista\ordenes\addsrvcro.php on line 104
[18-Jul-2021 12:42:58 UTC] PHP Fatal error:  Uncaught Error: Call to undefined function armarSelect() in E:\proyectos\export\vista\ordenes\addsrvcro.php:104
Stack trace:
#0 {main}
  thrown in E:\proyectos\export\vista\ordenes\addsrvcro.php on line 104
[18-Jul-2021 12:46:05 UTC] PHP Fatal error:  Uncaught Error: Call to undefined function mysql_fetch_row() in E:\proyectos\export\vista\paneles\viewpanel.php:20
Stack trace:
#0 E:\proyectos\export\vista\ordenes\addsrvcro.php(104): armarSelect('clientes', 'razon_social', 'id', 'razon_social', '(id_estructura ...')
#1 {main}
  thrown in E:\proyectos\export\vista\paneles\viewpanel.php on line 20
[18-Jul-2021 13:59:15 UTC] PHP Warning:  Use of undefined constant STRUCTURED - assumed 'STRUCTURED' (this will throw an Error in a future version of PHP) in E:\proyectos\export\vista\informes\trafico\diagdia.php on line 6
[18-Jul-2021 14:28:13 UTC] PHP Warning:  Use of undefined constant orden - assumed 'orden' (this will throw an Error in a future version of PHP) in E:\proyectos\export\vista\ordenes\modord.php on line 67
[18-Jul-2021 14:28:13 UTC] PHP Warning:  Use of undefined constant orden - assumed 'orden' (this will throw an Error in a future version of PHP) in E:\proyectos\export\vista\ordenes\modord.php on line 71
[18-Jul-2021 14:28:15 UTC] PHP Warning:  Use of undefined constant razon_social - assumed 'razon_social' (this will throw an Error in a future version of PHP) in E:\proyectos\export\vista\ordenes\modord.php on line 145
[18-Jul-2021 14:28:15 UTC] PHP Warning:  Use of undefined constant nombre - assumed 'nombre' (this will throw an Error in a future version of PHP) in E:\proyectos\export\vista\ordenes\modord.php on line 164
[18-Jul-2021 14:28:15 UTC] PHP Warning:  Use of undefined constant origen - assumed 'origen' (this will throw an Error in a future version of PHP) in E:\proyectos\export\vista\ordenes\modord.php on line 218
[18-Jul-2021 14:28:15 UTC] PHP Warning:  Use of undefined constant destino - assumed 'destino' (this will throw an Error in a future version of PHP) in E:\proyectos\export\vista\ordenes\modord.php on line 222
[18-Jul-2021 14:28:15 UTC] PHP Warning:  Use of undefined constant chofer1 - assumed 'chofer1' (this will throw an Error in a future version of PHP) in E:\proyectos\export\vista\ordenes\modord.php on line 240
[18-Jul-2021 14:28:15 UTC] PHP Warning:  Use of undefined constant chofer2 - assumed 'chofer2' (this will throw an Error in a future version of PHP) in E:\proyectos\export\vista\ordenes\modord.php on line 248
[18-Jul-2021 14:28:15 UTC] PHP Warning:  Use of undefined constant orden - assumed 'orden' (this will throw an Error in a future version of PHP) in E:\proyectos\export\vista\ordenes\modord.php on line 266
[18-Jul-2021 14:28:15 UTC] PHP Warning:  Use of undefined constant tiene_asoc - assumed 'tiene_asoc' (this will throw an Error in a future version of PHP) in E:\proyectos\export\vista\ordenes\modord.php on line 267
[18-Jul-2021 14:29:42 UTC] PHP Warning:  Use of undefined constant orden - assumed 'orden' (this will throw an Error in a future version of PHP) in E:\proyectos\export\vista\ordenes\modord.php on line 67
[18-Jul-2021 14:29:42 UTC] PHP Warning:  Use of undefined constant orden - assumed 'orden' (this will throw an Error in a future version of PHP) in E:\proyectos\export\vista\ordenes\modord.php on line 71
[18-Jul-2021 14:29:43 UTC] PHP Warning:  Use of undefined constant razon_social - assumed 'razon_social' (this will throw an Error in a future version of PHP) in E:\proyectos\export\vista\ordenes\modord.php on line 145
[18-Jul-2021 14:29:43 UTC] PHP Warning:  Use of undefined constant nombre - assumed 'nombre' (this will throw an Error in a future version of PHP) in E:\proyectos\export\vista\ordenes\modord.php on line 164
[18-Jul-2021 14:29:43 UTC] PHP Warning:  Use of undefined constant origen - assumed 'origen' (this will throw an Error in a future version of PHP) in E:\proyectos\export\vista\ordenes\modord.php on line 218
[18-Jul-2021 14:29:43 UTC] PHP Warning:  Use of undefined constant destino - assumed 'destino' (this will throw an Error in a future version of PHP) in E:\proyectos\export\vista\ordenes\modord.php on line 222
[18-Jul-2021 14:29:43 UTC] PHP Warning:  Use of undefined constant chofer1 - assumed 'chofer1' (this will throw an Error in a future version of PHP) in E:\proyectos\export\vista\ordenes\modord.php on line 240
[18-Jul-2021 14:29:43 UTC] PHP Warning:  Use of undefined constant chofer2 - assumed 'chofer2' (this will throw an Error in a future version of PHP) in E:\proyectos\export\vista\ordenes\modord.php on line 248
[18-Jul-2021 14:29:43 UTC] PHP Warning:  Use of undefined constant orden - assumed 'orden' (this will throw an Error in a future version of PHP) in E:\proyectos\export\vista\ordenes\modord.php on line 266
[18-Jul-2021 14:29:43 UTC] PHP Warning:  Use of undefined constant tiene_asoc - assumed 'tiene_asoc' (this will throw an Error in a future version of PHP) in E:\proyectos\export\vista\ordenes\modord.php on line 267
[18-Jul-2021 15:07:25 UTC] PHP Warning:  Use of undefined constant STRUCTURED - assumed 'STRUCTURED' (this will throw an Error in a future version of PHP) in E:\proyectos\export\vista\turismo\srvlst.php on line 6
[18-Jul-2021 15:07:28 UTC] PHP Notice:  Undefined variable: cond in E:\proyectos\export\vista\paneles\viewpanel.php on line 10
[18-Jul-2021 18:49:28 America/Argentina/Buenos_Aires] PHP Fatal error:  Cannot redeclare mysql_query() in E:\proyectos\export\controlador\bdadmin.php on line 82
[19-Jul-2021 00:04:34 UTC] PHP Notice:  session_start(): A session had already been started - ignoring in E:\proyectos\export\vista\informes\rrhh\proxvtoscond.php on line 2
[19-Jul-2021 00:04:34 UTC] PHP Warning:  Use of undefined constant lv - assumed 'lv' (this will throw an Error in a future version of PHP) in E:\proyectos\export\vista\informes\rrhh\proxvtoscond.php on line 4
[19-Jul-2021 00:04:35 UTC] PHP Warning:  Use of undefined constant str - assumed 'str' (this will throw an Error in a future version of PHP) in E:\proyectos\export\vista\informes\rrhh\proxvtoscond.php on line 55
[19-Jul-2021 00:04:35 UTC] PHP Warning:  Use of undefined constant str - assumed 'str' (this will throw an Error in a future version of PHP) in E:\proyectos\export\vista\informes\rrhh\proxvtoscond.php on line 55
[19-Jul-2021 00:04:35 UTC] PHP Warning:  Use of undefined constant str - assumed 'str' (this will throw an Error in a future version of PHP) in E:\proyectos\export\vista\informes\rrhh\proxvtoscond.php on line 55
[19-Jul-2021 00:04:35 UTC] PHP Warning:  Use of undefined constant str - assumed 'str' (this will throw an Error in a future version of PHP) in E:\proyectos\export\vista\informes\rrhh\proxvtoscond.php on line 55
[19-Jul-2021 00:04:35 UTC] PHP Warning:  Use of undefined constant str - assumed 'str' (this will throw an Error in a future version of PHP) in E:\proyectos\export\vista\informes\rrhh\proxvtoscond.php on line 55
[19-Jul-2021 00:04:35 UTC] PHP Warning:  Use of undefined constant str - assumed 'str' (this will throw an Error in a future version of PHP) in E:\proyectos\export\vista\informes\rrhh\proxvtoscond.php on line 55
[19-Jul-2021 00:04:35 UTC] PHP Warning:  Use of undefined constant str - assumed 'str' (this will throw an Error in a future version of PHP) in E:\proyectos\export\vista\informes\rrhh\proxvtoscond.php on line 55
[19-Jul-2021 00:04:35 UTC] PHP Warning:  Use of undefined constant str - assumed 'str' (this will throw an Error in a future version of PHP) in E:\proyectos\export\vista\informes\rrhh\proxvtoscond.php on line 55
[19-Jul-2021 00:04:35 UTC] PHP Warning:  Use of undefined constant str - assumed 'str' (this will throw an Error in a future version of PHP) in E:\proyectos\export\vista\informes\rrhh\proxvtoscond.php on line 55
[19-Jul-2021 00:04:35 UTC] PHP Warning:  Use of undefined constant str - assumed 'str' (this will throw an Error in a future version of PHP) in E:\proyectos\export\vista\informes\rrhh\proxvtoscond.php on line 55
[19-Jul-2021 00:04:35 UTC] PHP Warning:  Use of undefined constant str - assumed 'str' (this will throw an Error in a future version of PHP) in E:\proyectos\export\vista\informes\rrhh\proxvtoscond.php on line 55
[19-Jul-2021 00:04:35 UTC] PHP Warning:  Use of undefined constant str - assumed 'str' (this will throw an Error in a future version of PHP) in E:\proyectos\export\vista\informes\rrhh\proxvtoscond.php on line 55
[19-Jul-2021 00:04:35 UTC] PHP Warning:  Use of undefined constant str - assumed 'str' (this will throw an Error in a future version of PHP) in E:\proyectos\export\vista\informes\rrhh\proxvtoscond.php on line 55
[19-Jul-2021 00:04:35 UTC] PHP Warning:  Use of undefined constant str - assumed 'str' (this will throw an Error in a future version of PHP) in E:\proyectos\export\vista\informes\rrhh\proxvtoscond.php on line 55
[19-Jul-2021 00:04:35 UTC] PHP Warning:  Use of undefined constant str - assumed 'str' (this will throw an Error in a future version of PHP) in E:\proyectos\export\vista\informes\rrhh\proxvtoscond.php on line 55
[19-Jul-2021 00:04:35 UTC] PHP Warning:  Use of undefined constant str - assumed 'str' (this will throw an Error in a future version of PHP) in E:\proyectos\export\vista\informes\rrhh\proxvtoscond.php on line 55
[19-Jul-2021 00:04:35 UTC] PHP Warning:  Use of undefined constant str - assumed 'str' (this will throw an Error in a future version of PHP) in E:\proyectos\export\vista\informes\rrhh\proxvtoscond.php on line 55
[19-Jul-2021 00:04:35 UTC] PHP Warning:  Use of undefined constant str - assumed 'str' (this will throw an Error in a future version of PHP) in E:\proyectos\export\vista\informes\rrhh\proxvtoscond.php on line 55
[19-Jul-2021 00:04:35 UTC] PHP Warning:  Use of undefined constant str - assumed 'str' (this will throw an Error in a future version of PHP) in E:\proyectos\export\vista\informes\rrhh\proxvtoscond.php on line 55
[19-Jul-2021 00:04:35 UTC] PHP Warning:  Use of undefined constant str - assumed 'str' (this will throw an Error in a future version of PHP) in E:\proyectos\export\vista\informes\rrhh\proxvtoscond.php on line 55
[19-Jul-2021 00:04:35 UTC] PHP Warning:  Use of undefined constant str - assumed 'str' (this will throw an Error in a future version of PHP) in E:\proyectos\export\vista\informes\rrhh\proxvtoscond.php on line 55
[19-Jul-2021 00:04:35 UTC] PHP Warning:  Use of undefined constant str - assumed 'str' (this will throw an Error in a future version of PHP) in E:\proyectos\export\vista\informes\rrhh\proxvtoscond.php on line 55
[19-Jul-2021 00:04:35 UTC] PHP Warning:  Use of undefined constant str - assumed 'str' (this will throw an Error in a future version of PHP) in E:\proyectos\export\vista\informes\rrhh\proxvtoscond.php on line 55
[19-Jul-2021 00:04:35 UTC] PHP Warning:  Use of undefined constant str - assumed 'str' (this will throw an Error in a future version of PHP) in E:\proyectos\export\vista\informes\rrhh\proxvtoscond.php on line 55
[19-Jul-2021 00:04:35 UTC] PHP Warning:  Use of undefined constant str - assumed 'str' (this will throw an Error in a future version of PHP) in E:\proyectos\export\vista\informes\rrhh\proxvtoscond.php on line 55
[19-Jul-2021 00:04:35 UTC] PHP Warning:  Use of undefined constant str - assumed 'str' (this will throw an Error in a future version of PHP) in E:\proyectos\export\vista\informes\rrhh\proxvtoscond.php on line 55
[19-Jul-2021 00:04:35 UTC] PHP Warning:  Use of undefined constant str - assumed 'str' (this will throw an Error in a future version of PHP) in E:\proyectos\export\vista\informes\rrhh\proxvtoscond.php on line 55
[19-Jul-2021 00:04:35 UTC] PHP Warning:  Use of undefined constant str - assumed 'str' (this will throw an Error in a future version of PHP) in E:\proyectos\export\vista\informes\rrhh\proxvtoscond.php on line 55
[19-Jul-2021 00:04:35 UTC] PHP Warning:  Use of undefined constant str - assumed 'str' (this will throw an Error in a future version of PHP) in E:\proyectos\export\vista\informes\rrhh\proxvtoscond.php on line 55
[19-Jul-2021 00:04:35 UTC] PHP Warning:  Use of undefined constant str - assumed 'str' (this will throw an Error in a future version of PHP) in E:\proyectos\export\vista\informes\rrhh\proxvtoscond.php on line 55
[19-Jul-2021 00:04:35 UTC] PHP Warning:  Use of undefined constant str - assumed 'str' (this will throw an Error in a future version of PHP) in E:\proyectos\export\vista\informes\rrhh\proxvtoscond.php on line 55
[19-Jul-2021 00:04:35 UTC] PHP Warning:  Use of undefined constant str - assumed 'str' (this will throw an Error in a future version of PHP) in E:\proyectos\export\vista\informes\rrhh\proxvtoscond.php on line 55
[19-Jul-2021 00:04:35 UTC] PHP Warning:  Use of undefined constant str - assumed 'str' (this will throw an Error in a future version of PHP) in E:\proyectos\export\vista\informes\rrhh\proxvtoscond.php on line 55
[19-Jul-2021 00:04:35 UTC] PHP Warning:  Use of undefined constant str - assumed 'str' (this will throw an Error in a future version of PHP) in E:\proyectos\export\vista\informes\rrhh\proxvtoscond.php on line 55
[19-Jul-2021 00:04:35 UTC] PHP Warning:  Use of undefined constant str - assumed 'str' (this will throw an Error in a future version of PHP) in E:\proyectos\export\vista\informes\rrhh\proxvtoscond.php on line 55
[19-Jul-2021 00:04:35 UTC] PHP Warning:  Use of undefined constant str - assumed 'str' (this will throw an Error in a future version of PHP) in E:\proyectos\export\vista\informes\rrhh\proxvtoscond.php on line 55
[19-Jul-2021 00:04:35 UTC] PHP Warning:  Use of undefined constant str - assumed 'str' (this will throw an Error in a future version of PHP) in E:\proyectos\export\vista\informes\rrhh\proxvtoscond.php on line 55
[19-Jul-2021 00:04:35 UTC] PHP Warning:  Use of undefined constant str - assumed 'str' (this will throw an Error in a future version of PHP) in E:\proyectos\export\vista\informes\rrhh\proxvtoscond.php on line 55
[19-Jul-2021 00:04:35 UTC] PHP Warning:  Use of undefined constant str - assumed 'str' (this will throw an Error in a future version of PHP) in E:\proyectos\export\vista\informes\rrhh\proxvtoscond.php on line 55
[19-Jul-2021 00:04:35 UTC] PHP Notice:  session_start(): A session had already been started - ignoring in E:\proyectos\export\vista\informes\rrhh\proxvtoslib.php on line 2
[19-Jul-2021 00:04:35 UTC] PHP Warning:  Use of undefined constant lv - assumed 'lv' (this will throw an Error in a future version of PHP) in E:\proyectos\export\vista\informes\rrhh\proxvtoslib.php on line 4
